\o Program:		@(#)$CDS: libManager version 32.10 08/17/2011 23:08 (cat91amd) $
\o Sub version:		sub-version  s005 
\o Arguments:		-mpssession virtuoso12205 -mpshost esdevch 
\o Working Directory:	esdevch:/cds/cic/sdh/sdh/SkillPro615/SKILL
\o Qt version: 		4.5.3
\o Log file is "/cds/cic/sdh/sdh/SkillPro615/SKILL/libManager.log".
\o Opening libManager window.
\a nrSetCurrentWindow(cdsLibManager)
\a nrResizeWindow(cdsLibManager list(385 119 820 448))
\o changeWorkingDir("/cds/cic/sdh/sdh/SkillPro615/SKILL") unnecessary.
\o ddSetForcedLib("") unnecessary.
\o MPS service: map window
\o Library Manager customization server connected.
\a cdsLibManager->libListBox->value = "master"
\a cdsLibManager->libLineEdit->value = "master"
\a cdsLibManager->cellListBox->value = "nand2"
\a cdsLibManager->cellListBox->value = "myInductor"
\a cdsLibManager->viewListBox->value = "layout"
\a cdsLibManager->viewLineEdit->value = "layout"
\a cdsLibManager->cellListBox->value = "mux2gs"
\a cdsLibManager->viewLineEdit->value = ""
\a cdsLibManager->viewListBox->value = nil
\a cdsLibManager->viewListBox->value = "layout"
\a cdsLibManager->viewLineEdit->value = "layout"
\a cdsLibManager->cellListBox->value = "mux2_connect"
\a cdsLibManager->viewLineEdit->value = ""
\a cdsLibManager->viewListBox->value = nil
\a cdsLibManager->viewListBox->value = "layout"
\a cdsLibManager->viewLineEdit->value = "layout"
\a cdsLibManager->cellListBox->value = "mux2"
\a cdsLibManager->viewLineEdit->value = ""
\a cdsLibManager->viewListBox->value = nil
\a cdsLibManager->viewListBox->value = "layout"
\a cdsLibManager->viewLineEdit->value = "layout"
\a cdsLibManager->cellListBox->value = "Inv_save"
\a cdsLibManager->viewLineEdit->value = ""
\a cdsLibManager->viewListBox->value = nil
\a cdsLibManager->viewListBox->value = "layout"
\a cdsLibManager->viewLineEdit->value = "layout"
\a cdsLibManager->cellListBox->value = "Inv"
\a cdsLibManager->viewLineEdit->value = ""
\a cdsLibManager->viewListBox->value = nil
\a cdsLibManager->viewListBox->value = "layout"
\a cdsLibManager->viewLineEdit->value = "layout"
\a cdsLibManager->cellLineEdit->value = "Inv"
\a nrSetWindowVisibility(cdsLibManager "hide")
\o libManager is exiting.
\a exit(0)
